<?xml version="1.0" encoding="UTF-8"?>
<!-- Generated by org.testng.reporters.JUnitReportReporter -->
<testsuite hostname="AAPC-IN" failures="0" tests="1" name="com.qa.tests.ExcelDriven_11" time="4.505" errors="0" timestamp="2022-04-21T14:43:51 IST" skipped="0">
  <testcase classname="com.qa.tests.ExcelDriven_11" name="addBookHashMap" time="4.505"/>
  <system-out/>
</testsuite> <!-- com.qa.tests.ExcelDriven_11 -->
