<?xml version="1.0" encoding="UTF-8"?>
<!-- Generated by org.testng.reporters.JUnitReportReporter -->
<testsuite hostname="AAPC-IN" failures="0" tests="6" name="com.qa.tests.DynamicJson_4" time="4.556" errors="0" timestamp="2022-03-30T21:02:49 IST" skipped="0">
  <testcase classname="com.qa.tests.DynamicJson_4" name="addBook" time="0.186"/>
  <system-out/>
  <testcase classname="com.qa.tests.DynamicJson_4" name="deleteBook" time="0.142"/>
  <system-out/>
  <testcase classname="com.qa.tests.DynamicJson_4" name="addBook" time="3.503"/>
  <system-out/>
  <testcase classname="com.qa.tests.DynamicJson_4" name="deleteBook" time="0.272"/>
  <system-out/>
  <testcase classname="com.qa.tests.DynamicJson_4" name="addBook" time="0.207"/>
  <system-out/>
  <testcase classname="com.qa.tests.DynamicJson_4" name="deleteBook" time="0.246"/>
  <system-out/>
</testsuite> <!-- com.qa.tests.DynamicJson_4 -->
